0:100  0:100  MemLog inited, TSC freq: 2095243713
0:100  0:000  CPU was calibrated with ACPI PM Timer
0:100  0:000  
0:100  0:000  Now is 11.2.2019,  13:4:17 (GMT)
0:100  0:000  Starting Clover revision: 4813 on INSYDE Corp. EFI
0:100  0:000  Build with: [Args: -nb -mc --no-usb -D NO_GRUB_DRIVERS_EMBEDDED | -D DISABLE_USB_SUPPORT -D NO_GRUB_DRIVERS_EMBEDDED -D USE_BIOS_BLOCKIO -D USE_LOW_EBDA -a X64 -b RELEASE -t XCODE8 -n 5 | OS: 10.13.6 | XCODE: 10.1]
0:100  0:000  SelfDevicePath=PciRoot(0x0)\Pci(0x1F,0x2)\Sata(0x0,0x0,0x0)\HD(1,GPT,D3842C9C-43EC-436D-96DC-8A831B5A8FA3,0x28,0x64000) @A4003B18
0:100  0:000  SelfDirPath = \EFI\BOOT
0:101  0:001  === [ Get Smbios ] ========================================
0:101  0:000  Type 16 Index = 0
0:101  0:000  Total Memory Slots Count = 2
0:101  0:000  Type 17 Index = 0
0:101  0:000  SmbiosTable.Type17->Speed = 1600MHz
0:101  0:000  SmbiosTable.Type17->Size = 8192MB
0:101  0:000  SmbiosTable.Type17->Bank/Device = BANK 0 DIMM0
0:101  0:000  SmbiosTable.Type17->Vendor = Unknown
0:101  0:000  SmbiosTable.Type17->SerialNumber = 18141AFE
0:101  0:000  SmbiosTable.Type17->PartNumber = WAR3S1600C11081C
0:101  0:000  Type 17 Index = 1
0:101  0:000  SmbiosTable.Type17->Speed = 1600MHz
0:101  0:000  SmbiosTable.Type17->Size = 8192MB
0:101  0:000  SmbiosTable.Type17->Bank/Device = BANK 2 DIMM1
0:101  0:000  SmbiosTable.Type17->Vendor = Unknown
0:101  0:000  SmbiosTable.Type17->SerialNumber = 18121AFE
0:101  0:000  SmbiosTable.Type17->PartNumber = WAR3S1600C11081C
0:101  0:000  Boot status=0
0:101  0:000  Running on: 'Aspire V3-471G' with board 'VA40_HC'
0:101  0:000  === [ GetCPUProperties ] ==================================
0:101  0:000  CPU Vendor = 756E6547 Model=306A9
0:101  0:000   The CPU supported SSE4.1
0:101  0:000  BrandString = Intel(R) Core(TM) i7-3612QM CPU @ 2.10GHz
0:101  0:000   The CPU supported turbo
0:101  0:000  MSR 0x35               40008
0:101  0:000  MSR 0xE2 before patch 1E008404
0:101  0:000  MSR 0xE2 is locked, PM patches will be turned on
0:101  0:000  MSR 0xCE              00080C10_E0011500
0:101  0:000  corrected FLEX_RATIO = 100000
0:101  0:000  MSR 0x1B0             00000000
0:101  0:000  FSBFrequency = 100 MHz, DMI FSBFrequency = 100 MHz, Corrected FSBFrequency = 100 MHz
0:101  0:000  MaxDiv/MinDiv: 21.0/12
0:101  0:000  Turbo: 28/28/30/31
0:101  0:000  Features: 0xBFEBFBFF
0:101  0:000  Threads: 8
0:101  0:000  Cores: 4
0:101  0:000  FSB: 100 MHz
0:101  0:000  CPU: 2100 MHz
0:101  0:000  TSC: 2100 MHz
0:101  0:000  PIS: 100 MHz
0:101  0:000  ExternalClock: 25 MHz
0:101  0:000  === [ GetDevices ] ========================================
0:101  0:000  PCI (00|00:00.00) : 8086 0154 class=060000
0:101  0:000  PCI (00|00:02.00) : 8086 0166 class=030000
0:101  0:000   - GFX: Model=Intel HD Graphics 4000 (Intel)
0:101  0:000  PCI (00|00:14.00) : 8086 1E31 class=0C0330
0:101  0:000  PCI (00|00:16.00) : 8086 1E3A class=078000
0:101  0:000  PCI (00|00:1A.00) : 8086 1E2D class=0C0320
0:101  0:000  PCI (00|00:1B.00) : 8086 1E20 class=040300
0:101  0:000  PCI (00|00:1C.00) : 8086 1E10 class=060400
0:101  0:000  PCI (00|00:1C.02) : 8086 1E14 class=060400
0:101  0:000  PCI (00|04:00.00) : 10EC 5289 class=FF0000
0:102  0:000  PCI (00|04:00.02) : 10EC 8168 class=020000
0:102  0:000   - LAN: 0 Vendor=Realtek
0:102  0:000  PCI (00|00:1C.07) : 8086 1E1E class=060400
0:102  0:000  PCI (00|09:00.00) : 14E4 43B1 class=028000
0:102  0:000   - WIFI: Vendor=Broadcom
0:102  0:000  PCI (00|00:1D.00) : 8086 1E26 class=0C0320
0:102  0:000  PCI (00|00:1F.00) : 8086 1E57 class=060100
0:102  0:000  PCI (00|00:1F.02) : 8086 1E03 class=010601
0:102  0:000  PCI (00|00:1F.03) : 8086 1E22 class=0C0500
0:102  0:000  PCI (00|00:1F.06) : FFFF FFFF class=FFFFFF
0:102  0:000  === [ GetDefaultSettings ] ================================
0:102  0:000  Clover load options size = 2 bytes
0:102  0:000  EFI\CLOVER\R.plist not loaded with name from LoadOptions: Not Found
0:103  0:000  EFI\CLOVER\config.plist loaded: Success
0:103  0:000  === [ GetListOfThemes ] ===================================
0:104  0:000  === [ Found config plists ] ===============================
0:104  0:000  - config.plist
0:104  0:000  === [ GetEarlyUserSettings ] ==============================
0:104  0:000  Custom boot CUSTOM_BOOT_DISABLED (0x0)
0:104  0:000  KextsToPatch: 5 requested
0:104  0:000   - [00]: IOGraphicsFamily (Second Stage patch) :: MatchOS: 10.12.x :: BinPatch :: data len: 5
0:104  0:000   - [01]: AppleIntelFramebufferCapri (HDMI-audio HD4000 0x01660003, port 0205) :: MatchOS: 10.9.x,10.10.x,10.11.x,10.12.x :: BinPatch :: data len: 12
0:104  0:000   - [02]: AirPortBrcm4360 (AirPortBrcm4360 - fcvo) :: BinPatch :: data len: 8
0:104  0:000   - [03]: AirPortBrcm4360 (AirPort Extreme) :: BinPatch :: data len: 6
0:104  0:000   - [04]: AirPortBrcm4360 (10.11-BCM94352-5GHz-US-FCC-dv) :: BinPatch :: data len: 7
0:104  0:000  Default theme: christmas
0:104  0:000  ** Warning: unknown custom entry Type 'Other'
0:104  0:000  === [ LoadDrivers ] =======================================
0:104  0:000  Loading AptioMemoryFix-64.efi  status=Success
0:105  0:000  Loading HFSPlus-64.efi  status=Success
0:105  0:000   - driver needs connecting
0:105  0:000  Loading FSInject-64.efi  status=Success
0:106  0:000  Loading OsxFatBinaryDrv-64.efi  status=Success
0:107  0:000  1 drivers needs connecting ...
0:107  0:000  PlatformDriverOverrideProtocol not found. Installing ... Success
0:107  0:000  HFS+ driver loaded
0:107  0:000  Searching for invalid DiskIo BY_DRIVER connects: not found, all ok
0:332  0:225  === [ InitScreen ] ========================================
0:332  0:000  SetScreenResolution: 1366x768 - already set
0:332  0:000  Console modes reported: 4, available modes:
0:332  0:000   - [01]: 80x25
0:332  0:000   - [03]: 100x31
0:332  0:000   - [04]: 170x40 (current mode)
0:332  0:000  reinit: self device path=PciRoot(0x0)\Pci(0x1F,0x2)\Sata(0x0,0x0,0x0)\HD(1,GPT,D3842C9C-43EC-436D-96DC-8A831B5A8FA3,0x28,0x64000)
0:332  0:000  === [ GetMacAddress ] =====================================
0:332  0:000  === [ ScanSPD ] ===========================================
0:332  0:000  Scanning SMBus [8086:1E22], mmio: 0xC0915004, ioport: 0x3040, hostc: 0x1
0:350  0:018  Slot: 0 Type 24 8192MB 1600MHz Vendor=NoName PartNo=WAR3S1600C11081C SerialNo=01080104010A0F0E
0:369  0:018  Slot: 2 Type 24 8192MB 1600MHz Vendor=NoName PartNo=WAR3S1600C11081C SerialNo=01080102010A0F0E
0:370  0:000  === [ GetAcpiTablesList ] =================================
0:370  0:000  Get Acpi Tables List from RSDT:
0:370  0:000   - [00]: FACP  ACRPRDCT len=268
0:370  0:000   - [01]: UEFI  ACRPRDCT len=566
0:370  0:000   - [02]: ASF!  ACRPRDCT len=165
0:370  0:000   - [03]: HPET  ACRPRDCT len=56
0:370  0:000   - [04]: APIC  ACRPRDCT len=140
0:370  0:000   - [05]: MCFG  ACRPRDCT len=60
0:370  0:000   - [06]: SLIC  ACRPRDCT len=374
0:370  0:000   - [07]: WDAT  ACRPRDCT len=548
0:370  0:000   - [08]: SSDT  ACRPRDCT len=4200
0:370  0:000   - [09]: BOOT  ACRPRDCT len=40
0:370  0:000   - [10]: ASPT  ACRPRDCT len=52
0:370  0:000   - [11]: FPDT  ACRPRDCT len=68
0:370  0:000   - [12]: SSDT  ACRPRDCT len=2144
0:370  0:000   - [13]: SSDT  ACRPRDCT len=2706
0:370  0:000   - [14]: BGRT  ACRPRDCT len=56
0:370  0:000  Calibrated TSC Frequency = 2095243713 = 2095MHz
0:370  0:000  === [ GetUserSettings ] ===================================
0:370  0:000  USB FixOwnership: yes
0:370  0:000  Dropping 1 tables:
0:370  0:000   - [00]: Drop table  signature="DMAR" (52414D44)
0:370  0:000           - set table: 52414D44,                0 to drop: no
0:370  0:000   - final DSDT Fix mask=00000002
0:370  0:000  Using ProductName from config: MacBookPro9,2
0:370  0:000  Found same BiosVersion in clover and config
0:370  0:000  BiosVersion: MBP91.88Z.F000.B00.1809210851
0:370  0:000  BiosReleaseDate: 09/21/2018
0:370  0:000  Using EfiVersion from config: 222.0.0.0.0
0:370  0:000  Using FirmwareFeatures from config: 0xC00DE137
0:370  0:000  Using FirmwareFeaturesMask from config: 0xFF1FFF3F
0:370  0:000  Board-ID set from config as Mac-6F01561E16C75D06
0:370  0:000  BoardType: 0xA
0:370  0:000  ChassisType: 0xA
0:370  0:000  Converted CustomUUID 4D11F330-87AC-4E74-93C8-EA8F0A76E204
0:370  0:000  === [ Found DSDT tables ] =================================
0:370  0:000  - DSDT.aml
0:415  0:044  === [ ScanVolumes ] =======================================
0:415  0:000  Found 8 volumes with blockIO
0:415  0:000  - [00]: Volume: PciRoot(0x0)\Pci(0x1F,0x2)\Sata(0x0,0x0,0x0)
0:415  0:000  - [01]: Volume: PciRoot(0x0)\Pci(0x1F,0x2)\Sata(0x5,0x0,0x0)
0:415  0:000  - [02]: Volume: PciRoot(0x0)\Pci(0x1F,0x2)\Sata(0x0,0x0,0x0)\HD(1,GPT,D3842C9C-43EC-436D-96DC-8A831B5A8FA3,0x28,0x64000)
0:415  0:000          Result of bootcode detection: bootable unknown (legacy)
0:415  0:000          This is SelfVolume !!
0:415  0:000  - [03]: Volume: PciRoot(0x0)\Pci(0x1F,0x2)\Sata(0x0,0x0,0x0)\HD(2,GPT,5CCD9D99-F060-49D3-A50B-727A0243A2FE,0x64028,0xDEF0B60)
0:415  0:000          Result of bootcode detection: bootable unknown (legacy)
0:415  0:000  - [04]: Volume: PciRoot(0x0)\Pci(0x1F,0x2)\Sata(0x0,0x0,0x0)\HD(3,GPT,385F6607-FAC3-4137-B301-187690EEB245,0xDF54B88,0x40000)
0:416  0:000  - [05]: Volume: PciRoot(0x0)\Pci(0x1F,0x2)\Sata(0x5,0x0,0x0)\HD(1,GPT,25C26968-CA72-43A9-98DC-69F4FB4B9AED,0x28,0x64000)
0:416  0:000          Result of bootcode detection: bootable unknown (legacy)
0:416  0:000  - [06]: Volume: PciRoot(0x0)\Pci(0x1F,0x2)\Sata(0x5,0x0,0x0)\HD(2,GPT,875254E2-7C09-4FBE-9886-C2DFD350A112,0x64028,0x573AC780)
0:416  0:000          Result of bootcode detection: bootable unknown (legacy)
0:416  0:000  - [07]: Volume: PciRoot(0x0)\Pci(0x1F,0x2)\Sata(0x5,0x0,0x0)\HD(3,GPT,DCF02D35-54FF-4EA8-8E4D-09A3AFD5C0CE,0x574107A8,0x135F20)
0:416  0:000  === [ Dump SMC keys from NVRAM ] ==========================
0:416  0:000  no AppleSMC protocol
0:426  0:010  === [ AddCustomEntries ] ==================================
0:426  0:000  Custom entry 0 skipped because it is disabled.
0:426  0:000  === [ ScanLoader ] ========================================
0:426  0:000  - [02]: 'EFI'
0:427  0:000          AddLoaderEntry for Volume Name=EFI
0:427  0:000          skipped because entry is hidden
0:427  0:000  - [04]: 'Boot OS X'
0:427  0:000          AddLoaderEntry for Volume Name=Boot OS X
0:428  0:000      Not match custom entry 0: Type: not match
0:429  0:001  - [05]: 'EFI'
0:429  0:000  - [07]: 'Recovery HD'
0:430  0:000          AddLoaderEntry for Volume Name=Recovery HD
0:430  0:000      Not match custom entry 0: Type: not match
0:436  0:005      Check if volume Is Hibernated:
0:436  0:000      Check sleep image 'by signature':
0:436  0:000      using default sleep image name = \private\var\vm\sleepimage
0:436  0:000      sleepimage not found -> Not Found
0:436  0:000      hibernated: no - sign
0:436  0:000          AddLoaderEntry for Volume Name=Recovery HD
0:436  0:000      Not match custom entry 0: Type: not match
0:449  0:012  === [ GetEfiBootDeviceFromNvram ] =========================
0:449  0:000   - efi-boot-device-data: PciRoot(0x0)\Pci(0x1F,0x2)\Sata(0x0,0x0,0x0)\HD(3,GPT,385F6607-FAC3-4137-B301-187690EEB245,0xDF54B88,0x40000)
0:449  0:000    - Volume: 'PciRoot(0x0)\Pci(0x1F,0x2)\Sata(0x0,0x0,0x0)\HD(3,GPT,385F6607-FAC3-4137-B301-187690EEB245,0xDF54B88,0x40000)'
0:449  0:000    - LoaderPath: '<null string>'
0:449  0:000    - Guid = 385F6607-FAC3-4137-B301-187690EEB245
0:449  0:000  === [ FindStartupDiskVolume ] =============================
0:449  0:000    - Volume: partition = PciRoot(0x0)\Pci(0x1F,0x2)\Sata(0x0,0x0,0x0)\HD(3,GPT,385F6607-FAC3-4137-B301-187690EEB245,0xDF54B88,0x40000)
0:449  0:000     - searching for that partition
0:449  0:000      - found entry 0. 'Boot OS X Install from Boot OS X', Volume 'Boot OS X'
0:449  0:000  Boot redirected to Entry 0. 'Boot OS X Install from Boot OS X'
0:449  0:000  DefaultIndex=0 and MainMenu.EntryCount=3
0:449  0:000  === [ StartLoader ] =======================================
0:449  0:000  Finally: ExternalClock=25MHz BusSpeed=99774kHz CPUFreq=2095MHz PIS: hw.busfrequency=100000000Hz
0:449  0:000  Loading boot.efi  status=Success
0:527  0:078  GetOSVersion: 10.12.6 (16G1710)
0:527  0:000  CSR_CFG: CSR_ALLOW_UNTRUSTED_KEXTS | CSR_ALLOW_UNRESTRICTED_FS | CSR_ALLOW_TASK_FOR_PID | CSR_ALLOW_UNRESTRICTED_DTRACE | CSR_ALLOW_UNRESTRICTED_NVRAM
0:527  0:000  Filtering KextPatches:
0:527  0:000   - [00]: IOGraphicsFamily (Second Stage patch) :: BinPatch :: [OS: 10.12.6 | MatchOS: 10.12.x | MatchBuild: All] ==> allowed
0:527  0:000   - [01]: AppleIntelFramebufferCapri (HDMI-audio HD4000 0x01660003, port 0205) :: BinPatch :: [OS: 10.12.6 | MatchOS: 10.9.x,10.10.x,10.11.x,10.12.x | MatchBuild: All] ==> allowed
0:527  0:000   - [02]: AirPortBrcm4360 (AirPortBrcm4360 - fcvo) :: BinPatch :: [OS: 10.12.6 | MatchOS: All | MatchBuild: All] ==> allowed
0:527  0:000   - [03]: AirPortBrcm4360 (AirPort Extreme) :: BinPatch :: [OS: 10.12.6 | MatchOS: All | MatchBuild: All] ==> allowed
0:527  0:000   - [04]: AirPortBrcm4360 (10.11-BCM94352-5GHz-US-FCC-dv) :: BinPatch :: [OS: 10.12.6 | MatchOS: All | MatchBuild: All] ==> allowed
0:527  0:000  Will not patch boot.efi
0:527  0:000  === [ PatchSmbios ] =======================================
0:527  0:000  insert table 9 for dev 0:2
0:527  0:000  insert table 9 for dev 0:0
0:528  0:000  Trusting SMBIOS...
0:528  0:000  Detected alternating SMBIOS channel banks
0:528  0:000  Channels: 2
0:528  0:000  Interleave: 0 2 1 3 4 6 5 7 8 10 9 11 12 14 13 15 16 18 17 19 20 22 21 23
0:528  0:000   partNum=WAR3S1600C11081C
0:528  0:000  Type17->Manufacturer corrected by SMBIOS from NoName to Unknown
0:528  0:000  SMBIOS Type 17 Index = 0 => 0 0:
0:528  0:000  BANK 0 DIMM0 1600MHz 8192MB
0:528  0:000   partNum=WAR3S1600C11081C
0:528  0:000  Type17->Manufacturer corrected by SMBIOS from NoName to Unknown
0:528  0:000  SMBIOS Type 17 Index = 1 => 1 2:
0:528  0:000  BANK 1 DIMM0 1600MHz 8192MB
0:528  0:000  mTotalSystemMemory = 16384
0:528  0:000  NumberOfMemoryDevices = 2
0:528  0:000  Type20[0]->End = 0x7FFFFF, Type17[0] = 0x2000
0:528  0:000  Type20[1]->End = 0x7FFFFF, Type17[1] = 0x6000
0:528  0:000  === [ PatchACPI ] =========================================
0:528  0:000  Xsdt reallocation done
0:528  0:000  old FADT length=10C
0:528  0:000   SignatureFixup: 0x0 -> 0x0
0:528  0:000  DSDT found in Clover volume OEM folder: EFI\CLOVER\ACPI\patched\DSDT.aml
0:530  0:002  Apply DsdtFixMask=0x00000002
0:530  0:000     drop _DSM mask=0x0000
0:530  0:000  === [ FixBiosDsdt ] =======================================
0:531  0:000    0 replacements
0:531  0:000  Name _OSI present at 0x139D, renaming to OOSI
0:531  0:000  Name _OSI present at 0x60EA, renaming to OOSI
0:531  0:000  Name _OSI present at 0x60F1, renaming to OOSI
0:531  0:000  Name _OSI present at 0x610C, renaming to OOSI
0:531  0:000  Name _OSI present at 0x6128, renaming to OOSI
0:531  0:000  Name _OSI present at 0x6148, renaming to OOSI
0:531  0:000  Name _OSI present at 0x6168, renaming to OOSI
0:531  0:000  Name _OSI present at 0x6186, renaming to OOSI
0:531  0:000  Name _OSI present at 0x61A2, renaming to OOSI
0:531  0:000  Name _OSI present at 0x61BE, renaming to OOSI
0:531  0:000  PreCleanup XSDT: count=15, length=156
0:531  0:000  PreCleanup XSDT, corrected XSDT: count=15, length=156
0:531  0:000  === [ ACPIDropTables ] ====================================
0:531  0:000  === [ DropSSDT ] ==========================================
0:531  0:000  Drop tables from XSDT, SIGN=SSDT TableID= Length=0
0:531  0:000   Table[8]: SSDT  ACRPRDCT  4200 dropped
0:531  0:000   Table[12]: SSDT  ACRPRDCT  2144 dropped
0:531  0:000   Table[13]: SSDT  ACRPRDCT  2706 dropped
0:532  0:000  === [ ACPIPatchedAML ] ====================================
0:532  0:000  Sorted
0:532  0:000  Inserting table[0]:SSDT.aml from EFI\CLOVER\ACPI\patched: size=1808 ... Success
0:532  0:000  Inserting table[1]:SSDT-0.aml from EFI\CLOVER\ACPI\patched: size=4200 ... Success
0:532  0:000  Inserting table[2]:SSDT-1.aml from EFI\CLOVER\ACPI\patched: size=10663 ... Success
0:532  0:000  Inserting table[3]:SSDT-2.aml from EFI\CLOVER\ACPI\patched: ... Not Found
0:532  0:000  Inserting table[4]:SSDT-3.aml from EFI\CLOVER\ACPI\patched: ... Not Found
0:532  0:000  Inserting table[5]:SSDT-4.aml from EFI\CLOVER\ACPI\patched: ... Not Found
0:532  0:000  Inserting table[6]:SSDT-5.aml from EFI\CLOVER\ACPI\patched: ... Not Found
0:532  0:000  Inserting table[7]:SSDT-6.aml from EFI\CLOVER\ACPI\patched: ... Not Found
0:532  0:000  Inserting table[8]:SSDT-7.aml from EFI\CLOVER\ACPI\patched: ... Not Found
0:532  0:000  Inserting table[9]:SSDT-8.aml from EFI\CLOVER\ACPI\patched: ... Not Found
0:532  0:000  Inserting table[10]:SSDT-9.aml from EFI\CLOVER\ACPI\patched: ... Not Found
0:532  0:000  CPUBase=0 and ApicCPUBase=1 ApicCPUNum=8
0:532  0:000  Maximum control=0x15
0:532  0:000  Turbo control=0x1F
0:532  0:000  P-States: min 0x7, max 0x1F
0:532  0:000  SSDT with plugin-type without P-States is generated
0:532  0:000  Cleanup XSDT: count=19, length=188
0:532  0:000  corrected XSDT count=16, length=164
0:532  0:000  === [ RestSetup macOS ] ===================================
0:532  0:000  EdidDiscovered size=128
0:532  0:000  --- Discovered EDID Table size:128
0:532  0:000  000  |  00  FF  FF  FF  FF  FF  FF  00  06  AF
0:532  0:000  010  |  3C  18  00  00  00  00  01  13  01  03
0:532  0:000  020  |  80  1F  11  78  0A  C8  A5  9E  57  54
0:532  0:000  030  |  92  26  99  50  54  00  00  00  01  01
0:532  0:000  040  |  01  01  01  01  01  01  01  01  01  01
0:532  0:000  050  |  01  01  01  01  12  1B  56  46  50  00
0:532  0:000  060  |  23  30  26  16  36  00  35  AD  10  00
0:532  0:000  070  |  00  18  00  00  00  0F  00  00  00  00
0:532  0:000  080  |  00  00  00  00  00  00  00  00  00  20
0:532  0:000  090  |  00  00  00  FE  00  41  55  4F  0A  20
0:532  0:000  100  |  20  20  20  20  20  20  20  20  00  00
0:532  0:000  110  |  00  FE  00  42  31  34  30  58  57  30
0:532  0:000  120  |  31  20  56  38  20  0A  00  17
0:532  0:000  Intel HD Graphics 4000 [8086:0166] :: PciRoot(0x0)\Pci(0x2,0x0)
0:532  0:000    ig-platform-id = 0x01660003
0:532  0:000  Intel GFX revision  = 0x9
0:532  0:000   setting specified layout-id=3 (0x3)
0:533  0:000  stringlength = 3210
0:533  0:000  CurrentMode: Width=1366 Height=768
0:533  0:000  Beginning FSInjection
FSInjectionInstall ...
- Our FSI_SIMPLE_FILE_SYSTEM_PROTOCOL installed on handle: A4003618
FSInjectionInstall ...
- Our FSI_SIMPLE_FILE_SYSTEM_PROTOCOL installed on handle: A4003618
0:536  0:002  Use origin smbios table type 1 guid.
0:538  0:001  Preparing kexts injection for arch=x86_64 from EFI\CLOVER\kexts\Other
0:538  0:000  Extra kext: EFI\CLOVER\kexts\Other\ACPIBatteryManager.kext (v.1.81.4)
0:539  0:001  Extra kext: EFI\CLOVER\kexts\Other\VirtualSMC.kext (v.1.0.2)
0:541  0:001  Extra kext: EFI\CLOVER\kexts\Other\Lilu.kext (v.1.3.2)
0:543  0:002  Extra kext: EFI\CLOVER\kexts\Other\BrcmPatchRAM2.kext (v.2.2.10)
0:550  0:006  Extra kext: EFI\CLOVER\kexts\Other\RealtekRTL8111.kext (v.2.2.1)
0:552  0:002  Extra kext: EFI\CLOVER\kexts\Other\PinConfigs.kext (v.1.0.0)
0:555  0:002  Extra kext: EFI\CLOVER\kexts\Other\BrcmFirmwareData.kext (v.2.2.10)
0:561  0:006  Extra kext: EFI\CLOVER\kexts\Other\AirportBrcmFixup.kext (v.1.1.6)
0:563  0:001  Extra kext: EFI\CLOVER\kexts\Other\VoodooPS2Controller.kext (v.1.9.2)
0:565  0:001    |-- PlugIn kext: EFI\CLOVER\kexts\Other\VoodooPS2Controller.kext\Contents\PlugIns\VoodooPS2Trackpad.kext (v.1.9.2)
0:568  0:003    |-- PlugIn kext: EFI\CLOVER\kexts\Other\VoodooPS2Controller.kext\Contents\PlugIns\VoodooPS2Mouse.kext (v.1.9.2)
0:569  0:001    |-- PlugIn kext: EFI\CLOVER\kexts\Other\VoodooPS2Controller.kext\Contents\PlugIns\VoodooPS2Keyboard.kext (v.1.9.2)
0:573  0:003  Extra kext: EFI\CLOVER\kexts\Other\AppleALC.kext (v.1.3.3)
0:639  0:066  Custom boot screen not used because entry has unset use graphics
0:640  0:000  Closing log
FSI_FS A2EA3B20.OpenVolume() FSI_FS A2DB81A0.OpenVolume() = Success, returning Root=A3E9AD20
= Success, returning Root=A2EB4B20
FSI_FP A2EB4B20.Open('System\Library\Kernels\kernel', 1, 0) NormFName('\' + 'System\Library\Kernels\kernel')='\System\Library\Kernels\kernel' Cmpi('\System\Library\Kernels\kernel', '\mach_kernel') =NEQ Cmpi('\System\Library\Kernels\kernel', '\System\Library\Kernels\kernel') =EQ kernel FSI_FP A3E9AD20.Open('\System\Library\Kernels\kernel', 1, 0) NormFName('\' + '\System\Library\Kernels\kernel')='\System\Library\Kernels\kernel' Cmpi('\System\Library\Kernels\kernel', '\mach_kernel') =NEQ Cmpi('\System\Library\Kernels\kernel', '\System\Library\Kernels\kernel') =EQ kernel InjFName('', 'EFI\CLOVER\kexts\Other', '\kernel')='EFI\CLOVER\kexts\Other\kernel' Can not Open 'EFI\CLOVER\kexts\Other\kernel': Not Found  no injection, SrcFP->Open=Device Error InjFName('', 'EFI\CLOVER\kexts\Other', '\mach_kernel')='EFI\CLOVER\kexts\Other\mach_kernel' Can not Open 'EFI\CLOVER\kexts\Other\mach_kernel': Not Found  no injection, SrcFP->Open=Device Error TgtFP->Open=Not Found InjFName('\System\Library\Extensions', 'EFI\CLOVER\kexts\Other', '\System\Library\Kernels\kernel')=NULL1 = Not Found
TgtFP->Open=Not Found = Not Found
FSI_FP A2EB4B20.Open('com.apple.boot.R', 1, 0) NormFName('\' + 'com.apple.boot.R')='\com.apple.boot.R' Cmpi('\com.apple.boot.R', '\mach_kernel') =NEQ Cmpi('\com.apple.boot.R', '\System\Library\Kernels\kernel') =NEQ FSI_FP A3E9AD20.Open('\com.apple.boot.R', 1, 0) NormFName('\' + '\com.apple.boot.R')='\com.apple.boot.R' Cmpi('\com.apple.boot.R', '\mach_kernel') =NEQ Cmpi('\com.apple.boot.R', '\System\Library\Kernels\kernel') =NEQ TgtFP->Open=Not Found InjFName('\System\Library\Extensions', 'EFI\CLOVER\kexts\Other', '\com.apple.boot.R')=NULL1 = Not Found
TgtFP->Open=Not Found = Not Found
FSI_FP A2EB4B20.Open('com.apple.boot.P', 1, 0) NormFName('\' + 'com.apple.boot.P')='\com.apple.boot.P' Cmpi('\com.apple.boot.P', '\mach_kernel') =NEQ Cmpi('\com.apple.boot.P', '\System\Library\Kernels\kernel') =NEQ FSI_FP A3E9AD20.Open('\com.apple.boot.P', 1, 0) NormFName('\' + '\com.apple.boot.P')='\com.apple.boot.P' Cmpi('\com.apple.boot.P', '\mach_kernel') =NEQ Cmpi('\com.apple.boot.P', '\System\Library\Kernels\kernel') =NEQ TgtFP->Open=Not Found InjFName('\System\Library\Extensions', 'EFI\CLOVER\kexts\Other', '\com.apple.boot.P')=NULL1 = Not Found
TgtFP->Open=Not Found = Not Found
FSI_FP A2EB4B20.Open('com.apple.boot.S', 1, 0) NormFName('\' + 'com.apple.boot.S')='\com.apple.boot.S' Cmpi('\com.apple.boot.S', '\mach_kernel') =NEQ Cmpi('\com.apple.boot.S', '\System\Library\Kernels\kernel') =NEQ FSI_FP A3E9AD20.Open('\com.apple.boot.S', 1, 0) NormFName('\' + '\com.apple.boot.S')='\com.apple.boot.S' Cmpi('\com.apple.boot.S', '\mach_kernel') =NEQ Cmpi('\com.apple.boot.S', '\System\Library\Kernels\kernel') =NEQ Opened with TgtFP Cmpi('\System\Library\Extensions', '\com.apple.boot.S') =NEQ = EFI_SUCCESS, NewHandle=A2DFD320, FName='\com.apple.boot.S'
Opened with TgtFP = EFI_SUCCESS, NewHandle=A2DFD120, FName='\com.apple.boot.S'
FSI_FP A2DFD120.Open('\System\Library\CoreServices\com.apple.Boot.plist', 1, 0) NormFName('\com.apple.boot.S' + '\System\Library\CoreServices\com.apple.Boot.plist')='\System\Library\CoreServices\com.apple.Boot.plist' Cmpi('\System\Library\CoreServices\com.apple.Boot.plist', '\mach_kernel') =NEQ Cmpi('\System\Library\CoreServices\com.apple.Boot.plist', '\System\Library\Kernels\kernel') =NEQ FSI_FP A2DFD320.Open('\System\Library\CoreServices\com.apple.Boot.plist', 1, 0) NormFName('\com.apple.boot.S' + '\System\Library\CoreServices\com.apple.Boot.plist')='\System\Library\CoreServices\com.apple.Boot.plist' Cmpi('\System\Library\CoreServices\com.apple.Boot.plist', '\mach_kernel') =NEQ Cmpi('\System\Library\CoreServices\com.apple.Boot.plist', '\System\Library\Kernels\kernel') =NEQ TgtFP->Open=Not Found InjFName('\System\Library\Extensions', 'EFI\CLOVER\kexts\Other', '\System\Library\CoreServices\com.apple.Boot.plist')=NULL1 = Not Found
TgtFP->Open=Not Found = Not Found
FSI_FP A2DFD120.Open('Library\Preferences\SystemConfiguration\com.apple.Boot.plist', 1, 0) NormFName('\com.apple.boot.S' + 'Library\Preferences\SystemConfiguration\com.apple.Boot.plist')='\com.apple.boot.S\Library\Preferences\SystemConfiguration\com.apple.Boot.plist' Cmpi('\com.apple.boot.S\Library\Preferences\SystemConfiguration\com.apple.Boot.plist', '\mach_kernel') =NEQ Cmpi('\com.apple.boot.S\Library\Preferences\SystemConfiguration\com.apple.Boot.plist', '\System\Library\Kernels\kernel') =NEQ FSI_FP A2DFD320.Open('\com.apple.boot.S\Library\Preferences\SystemConfiguration\com.apple.Boot.plist', 1, 0) NormFName('\com.apple.boot.S' + '\com.apple.boot.S\Library\Preferences\SystemConfiguration\com.apple.Boot.plist')='\com.apple.boot.S\Library\Preferences\SystemConfiguration\com.apple.Boot.plist' Cmpi('\com.apple.boot.S\Library\Preferences\SystemConfiguration\com.apple.Boot.plist', '\mach_kernel') =NEQ Cmpi('\com.apple.boot.S\Library\Preferences\SystemConfiguration\com.apple.Boot.plist', '\System\Library\Kernels\kernel') =NEQ Opened with TgtFP Cmpi('\System\Library\Extensions', '\com.apple.boot.S\Library\Preferences\SystemConfiguration\com.apple.Boot.plist') =NEQ = EFI_SUCCESS, NewHandle=A2DFD420, FName='\com.apple.boot.S\Library\Preferences\SystemConfiguration\com.apple.Boot.plist'
Opened with TgtFP = EFI_SUCCESS, NewHandle=A2BECB20, FName='\com.apple.boot.S\Library\Preferences\SystemConfiguration\com.apple.Boot.plist'
FSI_FP A2BECB20.GetInfo(gEfiFileInfoGuid, 208, A2BECC18) FSI_FP A2DFD420.GetInfo(gEfiFileInfoGuid, 208, A2BECC18) = Success, BufferSize=120
= Success, BufferSize=120
FSI_FP A2BECB20.Read(309, A2BED618) FSI_FP A2DFD420.Read(309, A2BED618) = Success, *BufferSize=309
= Success, *BufferSize=309
FSI_FP A2BECB20.Close() FSI_FP A2DFD420.Close() FName='\com.apple.boot.S\Library\Preferences\SystemConfiguration\com.apple.Boot.plist' = Success
FName='\com.apple.boot.S\Library\Preferences\SystemConfiguration\com.apple.Boot.plist' = Success
FSI_FP A2DFD120.Open('\System\Library\CoreServices\PlatformSupport.plist', 1, 0) NormFName('\com.apple.boot.S' + '\System\Library\CoreServices\PlatformSupport.plist')='\System\Library\CoreServices\PlatformSupport.plist' Cmpi('\System\Library\CoreServices\PlatformSupport.plist', '\mach_kernel') =NEQ Cmpi('\System\Library\CoreServices\PlatformSupport.plist', '\System\Library\Kernels\kernel') =NEQ FSI_FP A2DFD320.Open('\System\Library\CoreServices\PlatformSupport.plist', 1, 0) NormFName('\com.apple.boot.S' + '\System\Library\CoreServices\PlatformSupport.plist')='\System\Library\CoreServices\PlatformSupport.plist' Cmpi('\System\Library\CoreServices\PlatformSupport.plist', '\mach_kernel') =NEQ Cmpi('\System\Library\CoreServices\PlatformSupport.plist', '\System\Library\Kernels\kernel') =NEQ Opened with TgtFP Cmpi('\System\Library\Extensions', '\System\Library\CoreServices\PlatformSupport.plist') =NEQ = EFI_SUCCESS, NewHandle=A3F32C20, FName='\System\Library\CoreServices\PlatformSupport.plist'
Opened with TgtFP = EFI_SUCCESS, NewHandle=A2BECC20, FName='\System\Library\CoreServices\PlatformSupport.plist'
FSI_FP A2BECC20.GetInfo(gEfiFileInfoGuid, 208, A3F33818) FSI_FP A3F32C20.GetInfo(gEfiFileInfoGuid, 208, A3F33818) = Success, BufferSize=122
= Success, BufferSize=122
FSI_FP A2BECC20.Read(4922, A2EBD018) FSI_FP A3F32C20.Read(4922, A2EBD018) = Success, *BufferSize=4922
= Success, *BufferSize=4922
FSI_FP A2BECC20.Close() FSI_FP A3F32C20.Close() FName='\System\Library\CoreServices\PlatformSupport.plist' = Success
FName='\System\Library\CoreServices\PlatformSupport.plist' = Success
FSI_FP A2DFD120.Open('System\Library\Caches\com.apple.corestorage\EncryptedRoot.plist.wipekey', 1, 0) NormFName('\com.apple.boot.S' + 'System\Library\Caches\com.apple.corestorage\EncryptedRoot.plist.wipekey')='\com.apple.boot.S\System\Library\Caches\com.apple.corestorage\EncryptedRoot.plist.wipekey' Cmpi('\com.apple.boot.S\System\Library\Caches\com.apple.corestorage\EncryptedRoot.plist.wipekey', '\mach_kernel') =NEQ Cmpi('\com.apple.boot.S\System\Library\Caches\com.apple.corestorage\EncryptedRoot.plist.wipekey', '\System\Library\Kernels\kernel') =NEQ FSI_FP A2DFD320.Open('\com.apple.boot.S\System\Library\Caches\com.apple.corestorage\EncryptedRoot.plist.wipekey', 1, 0) NormFName('\com.apple.boot.S' + '\com.apple.boot.S\System\Library\Caches\com.apple.corestorage\EncryptedRoot.plist.wipekey')='\com.apple.boot.S\System\Library\Caches\com.apple.corestorage\EncryptedRoot.plist.wipekey' Cmpi('\com.apple.boot.S\System\Library\Caches\com.apple.corestorage\EncryptedRoot.plist.wipekey', '\mach_kernel') =NEQ Cmpi('\com.apple.boot.S\System\Library\Caches\com.apple.corestorage\EncryptedRoot.plist.wipekey', '\System\Library\Kernels\kernel') =NEQ TgtFP->Open=Not Found InjFName('\System\Library\Extensions', 'EFI\CLOVER\kexts\Other', '\com.apple.boot.S\System\Library\Caches\com.apple.corestorage\EncryptedRoot.plist.wipekey')=NULL1 = Not Found
TgtFP->Open=Not Found = Not Found
FSI_FP A2DFD120.Open('EncryptedRoot.plist.wipekey', 1, 0) NormFName('\com.apple.boot.S' + 'EncryptedRoot.plist.wipekey')='\com.apple.boot.S\EncryptedRoot.plist.wipekey' Cmpi('\com.apple.boot.S\EncryptedRoot.plist.wipekey', '\mach_kernel') =NEQ Cmpi('\com.apple.boot.S\EncryptedRoot.plist.wipekey', '\System\Library\Kernels\kernel') =NEQ FSI_FP A2DFD320.Open('\com.apple.boot.S\EncryptedRoot.plist.wipekey', 1, 0) NormFName('\com.apple.boot.S' + '\com.apple.boot.S\EncryptedRoot.plist.wipekey')='\com.apple.boot.S\EncryptedRoot.plist.wipekey' Cmpi('\com.apple.boot.S\EncryptedRoot.plist.wipekey', '\mach_kernel') =NEQ Cmpi('\com.apple.boot.S\EncryptedRoot.plist.wipekey', '\System\Library\Kernels\kernel') =NEQ TgtFP->Open=Not Found InjFName('\System\Library\Extensions', 'EFI\CLOVER\kexts\Other', '\com.apple.boot.S\EncryptedRoot.plist.wipekey')=NULL1 = Not Found
TgtFP->Open=Not Found = Not Found
FSI_FP A2DFD120.Open('System\Library\PrelinkedKernels\prelinkedkernel.development', 1, 0) NormFName('\com.apple.boot.S' + 'System\Library\PrelinkedKernels\prelinkedkernel.development')='\com.apple.boot.S\System\Library\PrelinkedKernels\prelinkedkernel.development' Cmpi('\com.apple.boot.S\System\Library\PrelinkedKernels\prelinkedkernel.development', '\mach_kernel') =NEQ Cmpi('\com.apple.boot.S\System\Library\PrelinkedKernels\prelinkedkernel.development', '\System\Library\Kernels\kernel') =NEQ FSI_FP A2DFD320.Open('\com.apple.boot.S\System\Library\PrelinkedKernels\prelinkedkernel.development', 1, 0) NormFName('\com.apple.boot.S' + '\com.apple.boot.S\System\Library\PrelinkedKernels\prelinkedkernel.development')='\com.apple.boot.S\System\Library\PrelinkedKernels\prelinkedkernel.development' Cmpi('\com.apple.boot.S\System\Library\PrelinkedKernels\prelinkedkernel.development', '\mach_kernel') =NEQ Cmpi('\com.apple.boot.S\System\Library\PrelinkedKernels\prelinkedkernel.development', '\System\Library\Kernels\kernel') =NEQ TgtFP->Open=Not Found InjFName('\System\Library\Extensions', 'EFI\CLOVER\kexts\Other', '\com.apple.boot.S\System\Library\PrelinkedKernels\prelinkedkernel.development')=NULL1 = Not Found
TgtFP->Open=Not Found = Not Found
FSI_FP A2DFD120.Open('System\Library\PrelinkedKernels\prelinkedkernel', 1, 0) NormFName('\com.apple.boot.S' + 'System\Library\PrelinkedKernels\prelinkedkernel')='\com.apple.boot.S\System\Library\PrelinkedKernels\prelinkedkernel' Cmpi('\com.apple.boot.S\System\Library\PrelinkedKernels\prelinkedkernel', '\mach_kernel') =NEQ Cmpi('\com.apple.boot.S\System\Library\PrelinkedKernels\prelinkedkernel', '\System\Library\Kernels\kernel') =NEQ FSI_FP A2DFD320.Open('\com.apple.boot.S\System\Library\PrelinkedKernels\prelinkedkernel', 1, 0) NormFName('\com.apple.boot.S' + '\com.apple.boot.S\System\Library\PrelinkedKernels\prelinkedkernel')='\com.apple.boot.S\System\Library\PrelinkedKernels\prelinkedkernel' Cmpi('\com.apple.boot.S\System\Library\PrelinkedKernels\prelinkedkernel', '\mach_kernel') =NEQ Cmpi('\com.apple.boot.S\System\Library\PrelinkedKernels\prelinkedkernel', '\System\Library\Kernels\kernel') =NEQ Opened with TgtFP Cmpi('\System\Library\Extensions', '\com.apple.boot.S\System\Library\PrelinkedKernels\prelinkedkernel') =NEQ = EFI_SUCCESS, NewHandle=A3F32C20, FName='\com.apple.boot.S\System\Library\PrelinkedKernels\prelinkedkernel'
Opened with TgtFP = EFI_SUCCESS, NewHandle=A2BECC20, FName='\com.apple.boot.S\System\Library\PrelinkedKernels\prelinkedkernel'
FSI_FP A2BECC20.Read(8, A0196870) FSI_FP A3F32C20.Read(8, A0196870) = Success, *BufferSize=8
= Success, *BufferSize=8
FSI_FP A2BECC20.Read(20, A0196858) FSI_FP A3F32C20.Read(20, A0196858) = Success, *BufferSize=20
= Success, *BufferSize=20
FSI_FP A2BECC20.SetPosition(28) FSI_FP A3F32C20.SetPosition(28) = Success
= Success
FSI_FP A2BECC20.Read(384, A0196930) FSI_FP A3F32C20.Read(384, A0196930) = Success, *BufferSize=384
= Success, *BufferSize=384
FSI_FP A2BECC20.Read(1048576, 9D206018) FSI_FP A3F32C20.Read(1048576, 9D206018) = Success, *BufferSize=1048576
= Success, *BufferSize=1048576
FSI_FP A2BECC20.Read(1048576, 9D306018) FSI_FP A3F32C20.Read(1048576, 9D306018) = Success, *BufferSize=1048576
= Success, *BufferSize=1048576
FSI_FP A2BECC20.Read(1048576, 9D406018) FSI_FP A3F32C20.Read(1048576, 9D406018) = Success, *BufferSize=1048576
= Success, *BufferSize=1048576
FSI_FP A2BECC20.Read(1048576, 9D506018) FSI_FP A3F32C20.Read(1048576, 9D506018) = Success, *BufferSize=1048576
= Success, *BufferSize=1048576
FSI_FP A2BECC20.Read(1048576, 9D606018) FSI_FP A3F32C20.Read(1048576, 9D606018) = Success, *BufferSize=1048576
= Success, *BufferSize=1048576
FSI_FP A2BECC20.Read(1048576, 9D706018) FSI_FP A3F32C20.Read(1048576, 9D706018) = Success, *BufferSize=1048576
= Success, *BufferSize=1048576
FSI_FP A2BECC20.Read(1048576, 9D806018) FSI_FP A3F32C20.Read(1048576, 9D806018) = Success, *BufferSize=1048576
= Success, *BufferSize=1048576
FSI_FP A2BECC20.Read(1048576, 9D906018) FSI_FP A3F32C20.Read(1048576, 9D906018) = Success, *BufferSize=1048576
= Success, *BufferSize=1048576
FSI_FP A2BECC20.Read(1048576, 9DA06018) FSI_FP A3F32C20.Read(1048576, 9DA06018) = Success, *BufferSize=1048576
= Success, *BufferSize=1048576
FSI_FP A2BECC20.Read(1048576, 9DB06018) FSI_FP A3F32C20.Read(1048576, 9DB06018) = Success, *BufferSize=1048576
= Success, *BufferSize=1048576
FSI_FP A2BECC20.Read(1048576, 9DC06018) FSI_FP A3F32C20.Read(1048576, 9DC06018) = Success, *BufferSize=1048576
= Success, *BufferSize=1048576
FSI_FP A2BECC20.Read(1048576, 9DD06018) FSI_FP A3F32C20.Read(1048576, 9DD06018) = Success, *BufferSize=1048576
= Success, *BufferSize=1048576
FSI_FP A2BECC20.Read(1048576, 9DE06018) FSI_FP A3F32C20.Read(1048576, 9DE06018) = Success, *BufferSize=1048576
= Success, *BufferSize=1048576
FSI_FP A2BECC20.Read(1048576, 9DF06018) FSI_FP A3F32C20.Read(1048576, 9DF06018) = Success, *BufferSize=1048576
= Success, *BufferSize=1048576
FSI_FP A2BECC20.Read(1048576, 9E006018) FSI_FP A3F32C20.Read(1048576, 9E006018) = Success, *BufferSize=1048576
= Success, *BufferSize=1048576
FSI_FP A2BECC20.Read(1048576, 9E106018) FSI_FP A3F32C20.Read(1048576, 9E106018) = Success, *BufferSize=1048576
= Success, *BufferSize=1048576
FSI_FP A2BECC20.Read(1048576, 9E206018) FSI_FP A3F32C20.Read(1048576, 9E206018) = Success, *BufferSize=1048576
= Success, *BufferSize=1048576
FSI_FP A2BECC20.Read(1048576, 9E306018) FSI_FP A3F32C20.Read(1048576, 9E306018) = Success, *BufferSize=1048576
= Success, *BufferSize=1048576
FSI_FP A2BECC20.Read(1048576, 9E406018) FSI_FP A3F32C20.Read(1048576, 9E406018) = Success, *BufferSize=1048576
= Success, *BufferSize=1048576
FSI_FP A2BECC20.Read(760856, 9E506018) FSI_FP A3F32C20.Read(760856, 9E506018) = Success, *BufferSize=760856
= Success, *BufferSize=760856
FSI_FP A2BECC20.Close() FSI_FP A3F32C20.Close() FName='\com.apple.boot.S\System\Library\PrelinkedKernels\prelinkedkernel' = Success
FName='\com.apple.boot.S\System\Library\PrelinkedKernels\prelinkedkernel' = Success
10:776  10:136  Custom boot screen is not locked
10:776  0:000  Failed to unlock custom boot screen: Not Ready!
15:805  5:028  not run anime
15:805  0:000  SetScreenResolution: 1366x768 - already set
15:860  0:054  Using embedded font: Success
15:861  0:001  GUI ready
28:980  13:118  not run anime
31:989  3:008  not run anime
40:269  8:280  not run anime
79:038  38:769  not run anime
79:876  0:837  not run anime
90:324  10:448  not run anime
92:423  2:099  not run anime
92:782  0:358  not run anime
92:981  0:199  not run anime
93:248  0:266  not run anime
93:772  0:523  not run anime
94:161  0:389  not run anime
94:559  0:397  not run anime
96:472  1:913  not run anime
97:153  0:681  not run anime
97:400  0:247  not run anime
97:543  0:142  not run anime
97:825  0:282  not run anime
98:678  0:853  not run anime
99:049  0:371  not run anime
125:077  26:027  not run anime
126:588  1:510  not run anime
